<?xml version="1.0" encoding="UTF-8"?>
<testng-results skipped="0" failed="0" ignored="0" total="1" passed="1">
  <reporter-output>
  </reporter-output>
  <suite name="CC2" duration-ms="32655" started-at="2019-10-28T10:48:13 AEDT" finished-at="2019-10-28T10:48:46 AEDT">
    <groups>
    </groups>
    <test name="CC2" duration-ms="32655" started-at="2019-10-28T10:48:13 AEDT" finished-at="2019-10-28T10:48:46 AEDT">
      <class name="com.cc2.tests.HomePageTest">
        <test-method status="PASS" signature="setUp()[pri:0, instance:com.cc2.tests.HomePageTest@1500955a]" name="setUp" is-config="true" duration-ms="14998" started-at="2019-10-28T10:48:13 AEDT" finished-at="2019-10-28T10:48:28 AEDT">
          <reporter-output>
          </reporter-output>
        </test-method> <!-- setUp -->
        <test-method status="PASS" signature="step1()[pri:0, instance:com.cc2.tests.HomePageTest@1500955a]" name="step1" duration-ms="13477" started-at="2019-10-28T10:48:28 AEDT" finished-at="2019-10-28T10:48:42 AEDT">
          <reporter-output>
          </reporter-output>
        </test-method> <!-- step1 -->
        <test-method status="PASS" signature="tearDown()[pri:0, instance:com.cc2.tests.HomePageTest@1500955a]" name="tearDown" is-config="true" duration-ms="4129" started-at="2019-10-28T10:48:42 AEDT" finished-at="2019-10-28T10:48:46 AEDT">
          <reporter-output>
          </reporter-output>
        </test-method> <!-- tearDown -->
      </class> <!-- com.cc2.tests.HomePageTest -->
    </test> <!-- CC2 -->
  </suite> <!-- CC2 -->
</testng-results>
